<?xml version="1.0" encoding="UTF-8"?>
<!-- Generated by org.testng.reporters.JUnitReportReporter -->
<testsuite hostname="Home-PC" name="MobileTraining.MobileTraining.SimpleAndroidCalcEmulator" tests="1" failures="0" timestamp="3 Dec 2015 18:28:01 GMT" time="10.400" errors="0">
  <testcase name="drapDrop" time="10.400" classname="MobileTraining.MobileTraining.SimpleAndroidCalcEmulator"/>
</testsuite> <!-- MobileTraining.MobileTraining.SimpleAndroidCalcEmulator -->
