<?xml version="1.0" encoding="UTF-8"?>
<!-- Generated by org.testng.reporters.JUnitReportReporter -->
<testsuite hostname="Home-PC" name="MobileTraining.MobileTraining.driverSwipe" tests="2" failures="0" timestamp="3 Dec 2015 23:33:43 GMT" time="0.006" errors="2">
  <testcase name="swipingHorizontal" time="0.003" classname="MobileTraining.MobileTraining.driverSwipe">
    <error type="org.openqa.selenium.remote.SessionNotFoundException" message="
Command duration or timeout: 16943.51 seconds
Build info: version: &#039;2.48.2&#039;, revision: &#039;41bccdd10cf2c0560f637404c2d96164b67d9d67&#039;, time: &#039;2015-10-09 13:08:06&#039;
System info: host: &#039;Home-PC&#039;, ip: &#039;192.168.1.130&#039;, os.name: &#039;Windows 8&#039;, os.arch: &#039;amd64&#039;, os.version: &#039;6.2&#039;, java.version: &#039;1.8.0_45&#039;
Driver info: io.appium.java_client.android.AndroidDriver
Capabilities [{appPackage=com.fortysevendeg.android.swipelistview, networkConnectionEnabled=true, warnings={}, databaseEnabled=false, deviceName=2a9497ff, platform=LINUX, appActivity=com.fortysevendeg.android.swipelistview.sample.activities.SwipeListViewExampleActivity, desired={appPackage=com.fortysevendeg.android.swipelistview, appActivity=com.fortysevendeg.android.swipelistview.sample.activities.SwipeListViewExampleActivity, platformVersion=4.4.2, platformName=Android, deviceName=MyNewDevice}, platformVersion=4.4.2, webStorageEnabled=false, locationContextEnabled=false, browserName=Android, takesScreenshot=true, javascriptEnabled=true, platformName=Android}]
Session ID: 0dd337c2-e856-45cc-b80c-1192714e1264
*** Element info: {Using=class name, value=android.widget.RelativeLayout}">
      <![CDATA[org.openqa.selenium.remote.SessionNotFoundException: 
Command duration or timeout: 16943.51 seconds
Build info: version: '2.48.2', revision: '41bccdd10cf2c0560f637404c2d96164b67d9d67', time: '2015-10-09 13:08:06'
System info: host: 'Home-PC', ip: '192.168.1.130', os.name: 'Windows 8', os.arch: 'amd64', os.version: '6.2', java.version: '1.8.0_45'
Driver info: io.appium.java_client.android.AndroidDriver
Capabilities [{appPackage=com.fortysevendeg.android.swipelistview, networkConnectionEnabled=true, warnings={}, databaseEnabled=false, deviceName=2a9497ff, platform=LINUX, appActivity=com.fortysevendeg.android.swipelistview.sample.activities.SwipeListViewExampleActivity, desired={appPackage=com.fortysevendeg.android.swipelistview, appActivity=com.fortysevendeg.android.swipelistview.sample.activities.SwipeListViewExampleActivity, platformVersion=4.4.2, platformName=Android, deviceName=MyNewDevice}, platformVersion=4.4.2, webStorageEnabled=false, locationContextEnabled=false, browserName=Android, takesScreenshot=true, javascriptEnabled=true, platformName=Android}]
Session ID: 0dd337c2-e856-45cc-b80c-1192714e1264
*** Element info: {Using=class name, value=android.widget.RelativeLayout}
	at sun.reflect.NativeConstructorAccessorImpl.newInstance0(Native Method)
	at sun.reflect.NativeConstructorAccessorImpl.newInstance(NativeConstructorAccessorImpl.java:62)
	at sun.reflect.DelegatingConstructorAccessorImpl.newInstance(DelegatingConstructorAccessorImpl.java:45)
	at java.lang.reflect.Constructor.newInstance(Constructor.java:422)
	at org.openqa.selenium.remote.ErrorHandler.createThrowable(ErrorHandler.java:206)
	at org.openqa.selenium.remote.ErrorHandler.throwIfResponseFailed(ErrorHandler.java:164)
	at org.openqa.selenium.remote.RemoteWebDriver.execute(RemoteWebDriver.java:647)
	at io.appium.java_client.DefaultGenericMobileDriver.execute(DefaultGenericMobileDriver.java:42)
	at io.appium.java_client.AppiumDriver.execute(AppiumDriver.java:1)
	at io.appium.java_client.android.AndroidDriver.execute(AndroidDriver.java:1)
	at org.openqa.selenium.remote.RemoteWebDriver.findElement(RemoteWebDriver.java:353)
	at org.openqa.selenium.remote.RemoteWebDriver.findElementByClassName(RemoteWebDriver.java:467)
	at io.appium.java_client.DefaultGenericMobileDriver.findElementByClassName(DefaultGenericMobileDriver.java:110)
	at io.appium.java_client.AppiumDriver.findElementByClassName(AppiumDriver.java:1)
	at io.appium.java_client.android.AndroidDriver.findElementByClassName(AndroidDriver.java:1)
	at org.openqa.selenium.By$ByClassName.findElement(By.java:391)
	at org.openqa.selenium.remote.RemoteWebDriver.findElement(RemoteWebDriver.java:345)
	at io.appium.java_client.DefaultGenericMobileDriver.findElement(DefaultGenericMobileDriver.java:52)
	at io.appium.java_client.AppiumDriver.findElement(AppiumDriver.java:1)
	at io.appium.java_client.android.AndroidDriver.findElement(AndroidDriver.java:1)
	at org.openqa.selenium.support.ui.ExpectedConditions.findElement(ExpectedConditions.java:911)
	at org.openqa.selenium.support.ui.ExpectedConditions.access$000(ExpectedConditions.java:41)
	at org.openqa.selenium.support.ui.ExpectedConditions$7.apply(ExpectedConditions.java:205)
	at org.openqa.selenium.support.ui.ExpectedConditions$7.apply(ExpectedConditions.java:201)
	at org.openqa.selenium.support.ui.ExpectedConditions$22.apply(ExpectedConditions.java:661)
	at org.openqa.selenium.support.ui.ExpectedConditions$22.apply(ExpectedConditions.java:654)
	at org.openqa.selenium.support.ui.FluentWait.until(FluentWait.java:238)
	at MobileTraining.MobileTraining.driverSwipe.setUp(driverSwipe.java:63)
	at sun.reflect.NativeMethodAccessorImpl.invoke0(Native Method)
	at sun.reflect.NativeMethodAccessorImpl.invoke(NativeMethodAccessorImpl.java:62)
	at sun.reflect.DelegatingMethodAccessorImpl.invoke(DelegatingMethodAccessorImpl.java:43)
	at java.lang.reflect.Method.invoke(Method.java:497)
	at org.testng.internal.MethodInvocationHelper.invokeMethod(MethodInvocationHelper.java:85)
	at org.testng.internal.Invoker.invokeConfigurationMethod(Invoker.java:510)
	at org.testng.internal.Invoker.invokeConfigurations(Invoker.java:211)
	at org.testng.internal.Invoker.invokeConfigurations(Invoker.java:138)
	at org.testng.TestRunner.beforeRun(TestRunner.java:648)
	at org.testng.TestRunner.run(TestRunner.java:616)
	at org.testng.SuiteRunner.runTest(SuiteRunner.java:359)
	at org.testng.SuiteRunner.runSequentially(SuiteRunner.java:354)
	at org.testng.SuiteRunner.privateRun(SuiteRunner.java:312)
	at org.testng.SuiteRunner.run(SuiteRunner.java:261)
	at org.testng.SuiteRunnerWorker.runSuite(SuiteRunnerWorker.java:52)
	at org.testng.SuiteRunnerWorker.run(SuiteRunnerWorker.java:86)
	at org.testng.TestNG.runSuitesSequentially(TestNG.java:1191)
	at org.testng.TestNG.runSuitesLocally(TestNG.java:1116)
	at org.testng.TestNG.run(TestNG.java:1024)
	at org.testng.remote.RemoteTestNG.run(RemoteTestNG.java:112)
	at org.testng.remote.RemoteTestNG.initAndRun(RemoteTestNG.java:205)
	at org.testng.remote.RemoteTestNG.main(RemoteTestNG.java:176)
]]>
    </error>
  </testcase> <!-- swipingHorizontal -->
  <testcase name="swipingVertical" time="0.003" classname="MobileTraining.MobileTraining.driverSwipe">
    <error type="org.openqa.selenium.remote.SessionNotFoundException" message="
Command duration or timeout: 16943.51 seconds
Build info: version: &#039;2.48.2&#039;, revision: &#039;41bccdd10cf2c0560f637404c2d96164b67d9d67&#039;, time: &#039;2015-10-09 13:08:06&#039;
System info: host: &#039;Home-PC&#039;, ip: &#039;192.168.1.130&#039;, os.name: &#039;Windows 8&#039;, os.arch: &#039;amd64&#039;, os.version: &#039;6.2&#039;, java.version: &#039;1.8.0_45&#039;
Driver info: io.appium.java_client.android.AndroidDriver
Capabilities [{appPackage=com.fortysevendeg.android.swipelistview, networkConnectionEnabled=true, warnings={}, databaseEnabled=false, deviceName=2a9497ff, platform=LINUX, appActivity=com.fortysevendeg.android.swipelistview.sample.activities.SwipeListViewExampleActivity, desired={appPackage=com.fortysevendeg.android.swipelistview, appActivity=com.fortysevendeg.android.swipelistview.sample.activities.SwipeListViewExampleActivity, platformVersion=4.4.2, platformName=Android, deviceName=MyNewDevice}, platformVersion=4.4.2, webStorageEnabled=false, locationContextEnabled=false, browserName=Android, takesScreenshot=true, javascriptEnabled=true, platformName=Android}]
Session ID: 0dd337c2-e856-45cc-b80c-1192714e1264
*** Element info: {Using=class name, value=android.widget.RelativeLayout}">
      <![CDATA[org.openqa.selenium.remote.SessionNotFoundException: 
Command duration or timeout: 16943.51 seconds
Build info: version: '2.48.2', revision: '41bccdd10cf2c0560f637404c2d96164b67d9d67', time: '2015-10-09 13:08:06'
System info: host: 'Home-PC', ip: '192.168.1.130', os.name: 'Windows 8', os.arch: 'amd64', os.version: '6.2', java.version: '1.8.0_45'
Driver info: io.appium.java_client.android.AndroidDriver
Capabilities [{appPackage=com.fortysevendeg.android.swipelistview, networkConnectionEnabled=true, warnings={}, databaseEnabled=false, deviceName=2a9497ff, platform=LINUX, appActivity=com.fortysevendeg.android.swipelistview.sample.activities.SwipeListViewExampleActivity, desired={appPackage=com.fortysevendeg.android.swipelistview, appActivity=com.fortysevendeg.android.swipelistview.sample.activities.SwipeListViewExampleActivity, platformVersion=4.4.2, platformName=Android, deviceName=MyNewDevice}, platformVersion=4.4.2, webStorageEnabled=false, locationContextEnabled=false, browserName=Android, takesScreenshot=true, javascriptEnabled=true, platformName=Android}]
Session ID: 0dd337c2-e856-45cc-b80c-1192714e1264
*** Element info: {Using=class name, value=android.widget.RelativeLayout}
	at sun.reflect.NativeConstructorAccessorImpl.newInstance0(Native Method)
	at sun.reflect.NativeConstructorAccessorImpl.newInstance(NativeConstructorAccessorImpl.java:62)
	at sun.reflect.DelegatingConstructorAccessorImpl.newInstance(DelegatingConstructorAccessorImpl.java:45)
	at java.lang.reflect.Constructor.newInstance(Constructor.java:422)
	at org.openqa.selenium.remote.ErrorHandler.createThrowable(ErrorHandler.java:206)
	at org.openqa.selenium.remote.ErrorHandler.throwIfResponseFailed(ErrorHandler.java:164)
	at org.openqa.selenium.remote.RemoteWebDriver.execute(RemoteWebDriver.java:647)
	at io.appium.java_client.DefaultGenericMobileDriver.execute(DefaultGenericMobileDriver.java:42)
	at io.appium.java_client.AppiumDriver.execute(AppiumDriver.java:1)
	at io.appium.java_client.android.AndroidDriver.execute(AndroidDriver.java:1)
	at org.openqa.selenium.remote.RemoteWebDriver.findElement(RemoteWebDriver.java:353)
	at org.openqa.selenium.remote.RemoteWebDriver.findElementByClassName(RemoteWebDriver.java:467)
	at io.appium.java_client.DefaultGenericMobileDriver.findElementByClassName(DefaultGenericMobileDriver.java:110)
	at io.appium.java_client.AppiumDriver.findElementByClassName(AppiumDriver.java:1)
	at io.appium.java_client.android.AndroidDriver.findElementByClassName(AndroidDriver.java:1)
	at org.openqa.selenium.By$ByClassName.findElement(By.java:391)
	at org.openqa.selenium.remote.RemoteWebDriver.findElement(RemoteWebDriver.java:345)
	at io.appium.java_client.DefaultGenericMobileDriver.findElement(DefaultGenericMobileDriver.java:52)
	at io.appium.java_client.AppiumDriver.findElement(AppiumDriver.java:1)
	at io.appium.java_client.android.AndroidDriver.findElement(AndroidDriver.java:1)
	at org.openqa.selenium.support.ui.ExpectedConditions.findElement(ExpectedConditions.java:911)
	at org.openqa.selenium.support.ui.ExpectedConditions.access$000(ExpectedConditions.java:41)
	at org.openqa.selenium.support.ui.ExpectedConditions$7.apply(ExpectedConditions.java:205)
	at org.openqa.selenium.support.ui.ExpectedConditions$7.apply(ExpectedConditions.java:201)
	at org.openqa.selenium.support.ui.ExpectedConditions$22.apply(ExpectedConditions.java:661)
	at org.openqa.selenium.support.ui.ExpectedConditions$22.apply(ExpectedConditions.java:654)
	at org.openqa.selenium.support.ui.FluentWait.until(FluentWait.java:238)
	at MobileTraining.MobileTraining.driverSwipe.setUp(driverSwipe.java:63)
	at sun.reflect.NativeMethodAccessorImpl.invoke0(Native Method)
	at sun.reflect.NativeMethodAccessorImpl.invoke(NativeMethodAccessorImpl.java:62)
	at sun.reflect.DelegatingMethodAccessorImpl.invoke(DelegatingMethodAccessorImpl.java:43)
	at java.lang.reflect.Method.invoke(Method.java:497)
	at org.testng.internal.MethodInvocationHelper.invokeMethod(MethodInvocationHelper.java:85)
	at org.testng.internal.Invoker.invokeConfigurationMethod(Invoker.java:510)
	at org.testng.internal.Invoker.invokeConfigurations(Invoker.java:211)
	at org.testng.internal.Invoker.invokeConfigurations(Invoker.java:138)
	at org.testng.TestRunner.beforeRun(TestRunner.java:648)
	at org.testng.TestRunner.run(TestRunner.java:616)
	at org.testng.SuiteRunner.runTest(SuiteRunner.java:359)
	at org.testng.SuiteRunner.runSequentially(SuiteRunner.java:354)
	at org.testng.SuiteRunner.privateRun(SuiteRunner.java:312)
	at org.testng.SuiteRunner.run(SuiteRunner.java:261)
	at org.testng.SuiteRunnerWorker.runSuite(SuiteRunnerWorker.java:52)
	at org.testng.SuiteRunnerWorker.run(SuiteRunnerWorker.java:86)
	at org.testng.TestNG.runSuitesSequentially(TestNG.java:1191)
	at org.testng.TestNG.runSuitesLocally(TestNG.java:1116)
	at org.testng.TestNG.run(TestNG.java:1024)
	at org.testng.remote.RemoteTestNG.run(RemoteTestNG.java:112)
	at org.testng.remote.RemoteTestNG.initAndRun(RemoteTestNG.java:205)
	at org.testng.remote.RemoteTestNG.main(RemoteTestNG.java:176)
]]>
    </error>
  </testcase> <!-- swipingVertical -->
</testsuite> <!-- MobileTraining.MobileTraining.driverSwipe -->
