<?xml version="1.0" encoding="UTF-8"?>
<!-- Generated by org.testng.reporters.JUnitReportReporter -->
<testsuite hostname="Home-PC" name="MobileTraining.MobileTraining.SimpleAndroidCalcTest" tests="1" failures="0" timestamp="3 Dec 2015 17:07:11 GMT" time="14.983" errors="0">
  <testcase name="Sum" time="14.983" classname="MobileTraining.MobileTraining.SimpleAndroidCalcTest"/>
</testsuite> <!-- MobileTraining.MobileTraining.SimpleAndroidCalcTest -->
